[31m[31merror[31m[39m:   uncaughtException: Oops!
Error: Oops!
    at Object.<anonymous> (C:\Users\Mi\Desktop\JS\express-rest-service\src\app.js:38:7)
    at Module._compile (internal/modules/cjs/loader.js:1158:30)
    at Object.Module._extensions..js (internal/modules/cjs/loader.js:1178:10)
    at Module.load (internal/modules/cjs/loader.js:1002:32)
    at Function.Module._load (internal/modules/cjs/loader.js:901:14)
    at Module.require (internal/modules/cjs/loader.js:1044:19)
    at require (internal/modules/cjs/helpers.js:77:18)
    at Object.<anonymous> (C:\Users\Mi\Desktop\JS\express-rest-service\src\server.js:2:13)
    at Module._compile (internal/modules/cjs/loader.js:1158:30)
    at Object.Module._extensions..js (internal/modules/cjs/loader.js:1178:10)
[31m[31merror[31m[39m:   uncaughtException: Oops!
Error: Oops!
    at Object.<anonymous> (C:\Users\Mi\Desktop\JS\express-rest-service\src\app.js:38:7)
    at Module._compile (internal/modules/cjs/loader.js:1158:30)
    at Object.Module._extensions..js (internal/modules/cjs/loader.js:1178:10)
    at Module.load (internal/modules/cjs/loader.js:1002:32)
    at Function.Module._load (internal/modules/cjs/loader.js:901:14)
    at Module.require (internal/modules/cjs/loader.js:1044:19)
    at require (internal/modules/cjs/helpers.js:77:18)
    at Object.<anonymous> (C:\Users\Mi\Desktop\JS\express-rest-service\src\server.js:2:13)
    at Module._compile (internal/modules/cjs/loader.js:1158:30)
    at Object.Module._extensions..js (internal/modules/cjs/loader.js:1178:10)
[31m[31merror[31m[39m:   uncaughtException: Oops!
Error: Oops!
    at Object.<anonymous> (C:\Users\Mi\Desktop\JS\express-rest-service\src\app.js:38:7)
    at Module._compile (internal/modules/cjs/loader.js:1158:30)
    at Object.Module._extensions..js (internal/modules/cjs/loader.js:1178:10)
    at Module.load (internal/modules/cjs/loader.js:1002:32)
    at Function.Module._load (internal/modules/cjs/loader.js:901:14)
    at Module.require (internal/modules/cjs/loader.js:1044:19)
    at require (internal/modules/cjs/helpers.js:77:18)
    at Object.<anonymous> (C:\Users\Mi\Desktop\JS\express-rest-service\src\server.js:2:13)
    at Module._compile (internal/modules/cjs/loader.js:1158:30)
    at Object.Module._extensions..js (internal/modules/cjs/loader.js:1178:10)
[31m[31merror[31m[39m:   uncaughtException: Oops!
Error: Oops!
    at Object.<anonymous> (C:\Users\Mi\Desktop\JS\express-rest-service\src\app.js:39:7)
    at Module._compile (internal/modules/cjs/loader.js:1158:30)
    at Object.Module._extensions..js (internal/modules/cjs/loader.js:1178:10)
    at Module.load (internal/modules/cjs/loader.js:1002:32)
    at Function.Module._load (internal/modules/cjs/loader.js:901:14)
    at Module.require (internal/modules/cjs/loader.js:1044:19)
    at require (internal/modules/cjs/helpers.js:77:18)
    at Object.<anonymous> (C:\Users\Mi\Desktop\JS\express-rest-service\src\server.js:2:13)
    at Module._compile (internal/modules/cjs/loader.js:1158:30)
    at Object.Module._extensions..js (internal/modules/cjs/loader.js:1178:10)
[31m[31merror[31m[39m:   uncaughtException: Oops!
Error: Oops!
    at Object.<anonymous> (C:\Users\Mi\Desktop\JS\express-rest-service\src\app.js:39:7)
    at Module._compile (internal/modules/cjs/loader.js:1158:30)
    at Object.Module._extensions..js (internal/modules/cjs/loader.js:1178:10)
    at Module.load (internal/modules/cjs/loader.js:1002:32)
    at Function.Module._load (internal/modules/cjs/loader.js:901:14)
    at Module.require (internal/modules/cjs/loader.js:1044:19)
    at require (internal/modules/cjs/helpers.js:77:18)
    at Object.<anonymous> (C:\Users\Mi\Desktop\JS\express-rest-service\src\server.js:2:13)
    at Module._compile (internal/modules/cjs/loader.js:1158:30)
    at Object.Module._extensions..js (internal/modules/cjs/loader.js:1178:10)
[31m[31merror[31m[39m:   uncaughtException: Oops!
Error: Oops!
    at Object.<anonymous> (C:\Users\Mi\Desktop\JS\express-rest-service\src\app.js:38:7)
    at Module._compile (internal/modules/cjs/loader.js:1158:30)
    at Object.Module._extensions..js (internal/modules/cjs/loader.js:1178:10)
    at Module.load (internal/modules/cjs/loader.js:1002:32)
    at Function.Module._load (internal/modules/cjs/loader.js:901:14)
    at Module.require (internal/modules/cjs/loader.js:1044:19)
    at require (internal/modules/cjs/helpers.js:77:18)
    at Object.<anonymous> (C:\Users\Mi\Desktop\JS\express-rest-service\src\server.js:2:13)
    at Module._compile (internal/modules/cjs/loader.js:1158:30)
    at Object.Module._extensions..js (internal/modules/cjs/loader.js:1178:10)
[31m[31merror[31m[39m:   uncaughtException: Oops!
Error: Oops!
    at Object.<anonymous> (C:\Users\Mi\Desktop\JS\express-rest-service\src\app.js:38:7)
    at Module._compile (internal/modules/cjs/loader.js:1158:30)
    at Object.Module._extensions..js (internal/modules/cjs/loader.js:1178:10)
    at Module.load (internal/modules/cjs/loader.js:1002:32)
    at Function.Module._load (internal/modules/cjs/loader.js:901:14)
    at Module.require (internal/modules/cjs/loader.js:1044:19)
    at require (internal/modules/cjs/helpers.js:77:18)
    at Object.<anonymous> (C:\Users\Mi\Desktop\JS\express-rest-service\src\server.js:2:13)
    at Module._compile (internal/modules/cjs/loader.js:1158:30)
    at Object.Module._extensions..js (internal/modules/cjs/loader.js:1178:10)
[31m[31merror[31m[39m:   uncaughtException: Oops!
Error: Oops!
    at Object.<anonymous> (C:\Users\Mi\Desktop\JS\express-rest-service\src\app.js:38:7)
    at Module._compile (internal/modules/cjs/loader.js:1158:30)
    at Object.Module._extensions..js (internal/modules/cjs/loader.js:1178:10)
    at Module.load (internal/modules/cjs/loader.js:1002:32)
    at Function.Module._load (internal/modules/cjs/loader.js:901:14)
    at Module.require (internal/modules/cjs/loader.js:1044:19)
    at require (internal/modules/cjs/helpers.js:77:18)
    at Object.<anonymous> (C:\Users\Mi\Desktop\JS\express-rest-service\src\server.js:2:13)
    at Module._compile (internal/modules/cjs/loader.js:1158:30)
    at Object.Module._extensions..js (internal/modules/cjs/loader.js:1178:10)
[31m[31merror[31m[39m:   uncaughtException: listen EADDRINUSE: address already in use :::4000
Error: listen EADDRINUSE: address already in use :::4000
    at Server.setupListenHandle [as _listen2] (net.js:1309:16)
    at listenInCluster (net.js:1357:12)
    at Server.listen (net.js:1445:7)
    at Function.listen (C:\Users\Mi\Desktop\JS\express-rest-service\node_modules\express\lib\application.js:618:24)
    at Object.<anonymous> (C:\Users\Mi\Desktop\JS\express-rest-service\src\server.js:15:5)
    at Module._compile (internal/modules/cjs/loader.js:1158:30)
    at Object.Module._extensions..js (internal/modules/cjs/loader.js:1178:10)
    at Module.load (internal/modules/cjs/loader.js:1002:32)
    at Function.Module._load (internal/modules/cjs/loader.js:901:14)
    at Function.executeUserEntryPoint [as runMain] (internal/modules/run_main.js:74:12)
[31m[31merror[31m[39m:   uncaughtException: listen EADDRINUSE: address already in use :::4000
Error: listen EADDRINUSE: address already in use :::4000
    at Server.setupListenHandle [as _listen2] (net.js:1309:16)
    at listenInCluster (net.js:1357:12)
    at Server.listen (net.js:1445:7)
    at Function.listen (C:\Users\Mi\Desktop\JS\express-rest-service\node_modules\express\lib\application.js:618:24)
    at Object.<anonymous> (C:\Users\Mi\Desktop\JS\express-rest-service\src\server.js:15:5)
    at Module._compile (internal/modules/cjs/loader.js:1158:30)
    at Object.Module._extensions..js (internal/modules/cjs/loader.js:1178:10)
    at Module.load (internal/modules/cjs/loader.js:1002:32)
    at Function.Module._load (internal/modules/cjs/loader.js:901:14)
    at Function.executeUserEntryPoint [as runMain] (internal/modules/run_main.js:74:12)
[31m[31merror[31m[39m:   uncaughtException: listen EADDRINUSE: address already in use :::4000
Error: listen EADDRINUSE: address already in use :::4000
    at Server.setupListenHandle [as _listen2] (net.js:1309:16)
    at listenInCluster (net.js:1357:12)
    at Server.listen (net.js:1445:7)
    at Function.listen (C:\Users\Mi\Desktop\JS\express-rest-service\node_modules\express\lib\application.js:618:24)
    at Object.<anonymous> (C:\Users\Mi\Desktop\JS\express-rest-service\src\server.js:5:5)
    at Module._compile (internal/modules/cjs/loader.js:1158:30)
    at Object.Module._extensions..js (internal/modules/cjs/loader.js:1178:10)
    at Module.load (internal/modules/cjs/loader.js:1002:32)
    at Function.Module._load (internal/modules/cjs/loader.js:901:14)
    at Function.executeUserEntryPoint [as runMain] (internal/modules/run_main.js:74:12)
[31m[31merror[31m[39m:   uncaughtException: listen EADDRINUSE: address already in use :::4000
Error: listen EADDRINUSE: address already in use :::4000
    at Server.setupListenHandle [as _listen2] (net.js:1309:16)
    at listenInCluster (net.js:1357:12)
    at Server.listen (net.js:1445:7)
    at Function.listen (C:\Users\Mi\Desktop\JS\express-rest-service\node_modules\express\lib\application.js:618:24)
    at Object.<anonymous> (C:\Users\Mi\Desktop\JS\express-rest-service\src\server.js:5:5)
    at Module._compile (internal/modules/cjs/loader.js:1158:30)
    at Object.Module._extensions..js (internal/modules/cjs/loader.js:1178:10)
    at Module.load (internal/modules/cjs/loader.js:1002:32)
    at Function.Module._load (internal/modules/cjs/loader.js:901:14)
    at Function.executeUserEntryPoint [as runMain] (internal/modules/run_main.js:74:12)
[31m[31merror[31m[39m:   uncaughtException: listen EADDRINUSE: address already in use :::4000
Error: listen EADDRINUSE: address already in use :::4000
    at Server.setupListenHandle [as _listen2] (net.js:1309:16)
    at listenInCluster (net.js:1357:12)
    at Server.listen (net.js:1445:7)
    at Function.listen (C:\Users\Mi\Desktop\JS\express-rest-service\node_modules\express\lib\application.js:618:24)
    at Object.<anonymous> (C:\Users\Mi\Desktop\JS\express-rest-service\src\server.js:6:5)
    at Module._compile (internal/modules/cjs/loader.js:1158:30)
    at Object.Module._extensions..js (internal/modules/cjs/loader.js:1178:10)
    at Module.load (internal/modules/cjs/loader.js:1002:32)
    at Function.Module._load (internal/modules/cjs/loader.js:901:14)
    at Function.executeUserEntryPoint [as runMain] (internal/modules/run_main.js:74:12)
    at internal/main/run_main_module.js:18:47
[31m[31merror[31m[39m:   uncaughtException: listen EADDRINUSE: address already in use :::4000
Error: listen EADDRINUSE: address already in use :::4000
    at Server.setupListenHandle [as _listen2] (net.js:1309:16)
    at listenInCluster (net.js:1357:12)
    at Server.listen (net.js:1445:7)
    at Function.listen (C:\Users\Mi\Desktop\JS\express-rest-service\node_modules\express\lib\application.js:618:24)
    at Object.<anonymous> (C:\Users\Mi\Desktop\JS\express-rest-service\src\server.js:6:5)
    at Module._compile (internal/modules/cjs/loader.js:1158:30)
    at Object.Module._extensions..js (internal/modules/cjs/loader.js:1178:10)
    at Module.load (internal/modules/cjs/loader.js:1002:32)
    at Function.Module._load (internal/modules/cjs/loader.js:901:14)
    at Function.executeUserEntryPoint [as runMain] (internal/modules/run_main.js:74:12)
[31m[31merror[31m[39m:   uncaughtException: listen EADDRINUSE: address already in use :::4000
Error: listen EADDRINUSE: address already in use :::4000
    at Server.setupListenHandle [as _listen2] (net.js:1309:16)
    at listenInCluster (net.js:1357:12)
    at Server.listen (net.js:1445:7)
    at Function.listen (C:\Users\Mi\Desktop\JS\express-rest-service\node_modules\express\lib\application.js:618:24)
    at Object.<anonymous> (C:\Users\Mi\Desktop\JS\express-rest-service\src\server.js:6:5)
    at Module._compile (internal/modules/cjs/loader.js:1158:30)
    at Object.Module._extensions..js (internal/modules/cjs/loader.js:1178:10)
    at Module.load (internal/modules/cjs/loader.js:1002:32)
    at Function.Module._load (internal/modules/cjs/loader.js:901:14)
    at Function.executeUserEntryPoint [as runMain] (internal/modules/run_main.js:74:12)
[31m[31merror[31m[39m:   uncaughtException: listen EADDRINUSE: address already in use :::4000
Error: listen EADDRINUSE: address already in use :::4000
    at Server.setupListenHandle [as _listen2] (net.js:1309:16)
    at listenInCluster (net.js:1357:12)
    at Server.listen (net.js:1445:7)
    at Function.listen (C:\Users\Mi\Desktop\JS\express-rest-service\node_modules\express\lib\application.js:618:24)
    at Object.<anonymous> (C:\Users\Mi\Desktop\JS\express-rest-service\src\server.js:5:5)
    at Module._compile (internal/modules/cjs/loader.js:1158:30)
    at Object.Module._extensions..js (internal/modules/cjs/loader.js:1178:10)
    at Module.load (internal/modules/cjs/loader.js:1002:32)
    at Function.Module._load (internal/modules/cjs/loader.js:901:14)
    at Function.executeUserEntryPoint [as runMain] (internal/modules/run_main.js:74:12)
[31m[31merror[31m[39m:   uncaughtException: listen EADDRINUSE: address already in use :::4000
Error: listen EADDRINUSE: address already in use :::4000
    at Server.setupListenHandle [as _listen2] (net.js:1309:16)
    at listenInCluster (net.js:1357:12)
    at Server.listen (net.js:1445:7)
    at Function.listen (C:\Users\Mi\Desktop\JS\express-rest-service\node_modules\express\lib\application.js:618:24)
    at Object.<anonymous> (C:\Users\Mi\Desktop\JS\express-rest-service\src\server.js:5:5)
    at Module._compile (internal/modules/cjs/loader.js:1158:30)
    at Object.Module._extensions..js (internal/modules/cjs/loader.js:1178:10)
    at Module.load (internal/modules/cjs/loader.js:1002:32)
    at Function.Module._load (internal/modules/cjs/loader.js:901:14)
    at Function.executeUserEntryPoint [as runMain] (internal/modules/run_main.js:74:12)
[31m[31merror[31m[39m:   uncaughtException: listen EADDRINUSE: address already in use :::4000
Error: listen EADDRINUSE: address already in use :::4000
    at Server.setupListenHandle [as _listen2] (net.js:1309:16)
    at listenInCluster (net.js:1357:12)
    at Server.listen (net.js:1445:7)
    at Function.listen (C:\Users\Mi\Desktop\JS\express-rest-service\node_modules\express\lib\application.js:618:24)
    at Object.<anonymous> (C:\Users\Mi\Desktop\JS\express-rest-service\src\server.js:5:5)
    at Module._compile (internal/modules/cjs/loader.js:1158:30)
    at Object.Module._extensions..js (internal/modules/cjs/loader.js:1178:10)
    at Module.load (internal/modules/cjs/loader.js:1002:32)
    at Function.Module._load (internal/modules/cjs/loader.js:901:14)
    at Function.executeUserEntryPoint [as runMain] (internal/modules/run_main.js:74:12)
[31m[31merror[31m[39m:   uncaughtException: listen EADDRINUSE: address already in use :::4000
Error: listen EADDRINUSE: address already in use :::4000
    at Server.setupListenHandle [as _listen2] (net.js:1309:16)
    at listenInCluster (net.js:1357:12)
    at Server.listen (net.js:1445:7)
    at Function.listen (C:\Users\Mi\Desktop\JS\express-rest-service\node_modules\express\lib\application.js:618:24)
    at Object.<anonymous> (C:\Users\Mi\Desktop\JS\express-rest-service\src\server.js:5:5)
    at Module._compile (internal/modules/cjs/loader.js:1158:30)
    at Object.Module._extensions..js (internal/modules/cjs/loader.js:1178:10)
    at Module.load (internal/modules/cjs/loader.js:1002:32)
    at Function.Module._load (internal/modules/cjs/loader.js:901:14)
    at Function.executeUserEntryPoint [as runMain] (internal/modules/run_main.js:74:12)
[31m[31merror[31m[39m:   uncaughtException: Cannot find module './helpers/logger'
Require stack:
- C:\Users\Mi\Desktop\JS\express-rest-service\src\server.js
Error: Cannot find module './helpers/logger'
Require stack:
- C:\Users\Mi\Desktop\JS\express-rest-service\src\server.js
    at Function.Module._resolveFilename (internal/modules/cjs/loader.js:982:15)
    at Function.Module._load (internal/modules/cjs/loader.js:864:27)
    at Module.require (internal/modules/cjs/loader.js:1044:19)
    at require (internal/modules/cjs/helpers.js:77:18)
    at Object.<anonymous> (C:\Users\Mi\Desktop\JS\express-rest-service\src\server.js:3:16)
    at Module._compile (internal/modules/cjs/loader.js:1158:30)
    at Object.Module._extensions..js (internal/modules/cjs/loader.js:1178:10)
    at Module.load (internal/modules/cjs/loader.js:1002:32)
    at Function.Module._load (internal/modules/cjs/loader.js:901:14)
    at Function.executeUserEntryPoint [as runMain] (internal/modules/run_main.js:74:12)
    at internal/main/run_main_module.js:18:47
[31m[31merror[31m[39m:   uncaughtException: require.users is not iterable
TypeError: require.users is not iterable
    at Object.<anonymous> (C:\Users\Mi\Desktop\JS\express-rest-service\src\resources\users\user.db.repository.js:1:48)
    at Module._compile (internal/modules/cjs/loader.js:1158:30)
    at Object.Module._extensions..js (internal/modules/cjs/loader.js:1178:10)
    at Module.load (internal/modules/cjs/loader.js:1002:32)
    at Function.Module._load (internal/modules/cjs/loader.js:901:14)
    at Module.require (internal/modules/cjs/loader.js:1044:19)
    at require (internal/modules/cjs/helpers.js:77:18)
    at Object.<anonymous> (C:\Users\Mi\Desktop\JS\express-rest-service\src\resources\users\user.service.js:1:19)
    at Module._compile (internal/modules/cjs/loader.js:1158:30)
    at Object.Module._extensions..js (internal/modules/cjs/loader.js:1178:10)
    at Module.load (internal/modules/cjs/loader.js:1002:32)
    at Function.Module._load (internal/modules/cjs/loader.js:901:14)
    at Module.require (internal/modules/cjs/loader.js:1044:19)
    at require (internal/modules/cjs/helpers.js:77:18)
    at Object.<anonymous> (C:\Users\Mi\Desktop\JS\express-rest-service\src\resources\users\user.router.js:3:22)
    at Module._compile (internal/modules/cjs/loader.js:1158:30)
[31m[31merror[31m[39m:   uncaughtException: mongoose is not defined
ReferenceError: mongoose is not defined
    at Object.<anonymous> (C:\Users\Mi\Desktop\JS\express-rest-service\src\resources\users\user.model.js:22:20)
    at Module._compile (internal/modules/cjs/loader.js:1158:30)
    at Object.Module._extensions..js (internal/modules/cjs/loader.js:1178:10)
    at Module.load (internal/modules/cjs/loader.js:1002:32)
    at Function.Module._load (internal/modules/cjs/loader.js:901:14)
    at Module.require (internal/modules/cjs/loader.js:1044:19)
    at require (internal/modules/cjs/helpers.js:77:18)
    at Object.<anonymous> (C:\Users\Mi\Desktop\JS\express-rest-service\src\resources\users\user.router.js:2:14)
    at Module._compile (internal/modules/cjs/loader.js:1158:30)
    at Object.Module._extensions..js (internal/modules/cjs/loader.js:1178:10)
    at Module.load (internal/modules/cjs/loader.js:1002:32)
    at Function.Module._load (internal/modules/cjs/loader.js:901:14)
    at Module.require (internal/modules/cjs/loader.js:1044:19)
    at require (internal/modules/cjs/helpers.js:77:18)
    at Object.<anonymous> (C:\Users\Mi\Desktop\JS\express-rest-service\src\app.js:12:20)
    at Module._compile (internal/modules/cjs/loader.js:1158:30)
[31m[31merror[31m[39m:   uncaughtException: Unexpected identifier
C:\Users\Mi\Desktop\JS\express-rest-service\src\resources\users\user.model.js:2
consr mongoose = require('mongoose')
      ^^^^^^^^

SyntaxError: Unexpected identifier
    at wrapSafe (internal/modules/cjs/loader.js:1072:16)
    at Module._compile (internal/modules/cjs/loader.js:1122:27)
    at Object.Module._extensions..js (internal/modules/cjs/loader.js:1178:10)
    at Module.load (internal/modules/cjs/loader.js:1002:32)
    at Function.Module._load (internal/modules/cjs/loader.js:901:14)
    at Module.require (internal/modules/cjs/loader.js:1044:19)
    at require (internal/modules/cjs/helpers.js:77:18)
    at Object.<anonymous> (C:\Users\Mi\Desktop\JS\express-rest-service\src\resources\users\user.router.js:2:14)
    at Module._compile (internal/modules/cjs/loader.js:1158:30)
    at Object.Module._extensions..js (internal/modules/cjs/loader.js:1178:10)
    at Module.load (internal/modules/cjs/loader.js:1002:32)
    at Function.Module._load (internal/modules/cjs/loader.js:901:14)
    at Module.require (internal/modules/cjs/loader.js:1044:19)
    at require (internal/modules/cjs/helpers.js:77:18)
    at Object.<anonymous> (C:\Users\Mi\Desktop\JS\express-rest-service\src\app.js:12:20)
    at Module._compile (internal/modules/cjs/loader.js:1158:30)
[31m[31merror[31m[39m:   uncaughtException: User is not defined
ReferenceError: User is not defined
    at Object.<anonymous> (C:\Users\Mi\Desktop\JS\express-rest-service\src\resources\users\user.model.js:33:18)
    at Module._compile (internal/modules/cjs/loader.js:1158:30)
    at Object.Module._extensions..js (internal/modules/cjs/loader.js:1178:10)
    at Module.load (internal/modules/cjs/loader.js:1002:32)
    at Function.Module._load (internal/modules/cjs/loader.js:901:14)
    at Module.require (internal/modules/cjs/loader.js:1044:19)
    at require (internal/modules/cjs/helpers.js:77:18)
    at Object.<anonymous> (C:\Users\Mi\Desktop\JS\express-rest-service\src\resources\users\user.router.js:2:14)
    at Module._compile (internal/modules/cjs/loader.js:1158:30)
    at Object.Module._extensions..js (internal/modules/cjs/loader.js:1178:10)
    at Module.load (internal/modules/cjs/loader.js:1002:32)
    at Function.Module._load (internal/modules/cjs/loader.js:901:14)
    at Module.require (internal/modules/cjs/loader.js:1044:19)
    at require (internal/modules/cjs/helpers.js:77:18)
    at Object.<anonymous> (C:\Users\Mi\Desktop\JS\express-rest-service\src\app.js:12:20)
    at Module._compile (internal/modules/cjs/loader.js:1158:30)
[31m[31merror[31m[39m:   uncaughtException: User is not defined
ReferenceError: User is not defined
    at Object.<anonymous> (C:\Users\Mi\Desktop\JS\express-rest-service\src\resources\users\user.model.js:35:18)
    at Module._compile (internal/modules/cjs/loader.js:1158:30)
    at Object.Module._extensions..js (internal/modules/cjs/loader.js:1178:10)
    at Module.load (internal/modules/cjs/loader.js:1002:32)
    at Function.Module._load (internal/modules/cjs/loader.js:901:14)
    at Module.require (internal/modules/cjs/loader.js:1044:19)
    at require (internal/modules/cjs/helpers.js:77:18)
    at Object.<anonymous> (C:\Users\Mi\Desktop\JS\express-rest-service\src\resources\users\user.router.js:2:14)
    at Module._compile (internal/modules/cjs/loader.js:1158:30)
    at Object.Module._extensions..js (internal/modules/cjs/loader.js:1178:10)
    at Module.load (internal/modules/cjs/loader.js:1002:32)
    at Function.Module._load (internal/modules/cjs/loader.js:901:14)
    at Module.require (internal/modules/cjs/loader.js:1044:19)
    at require (internal/modules/cjs/helpers.js:77:18)
    at Object.<anonymous> (C:\Users\Mi\Desktop\JS\express-rest-service\src\app.js:12:20)
    at Module._compile (internal/modules/cjs/loader.js:1158:30)
[31m[31merror[31m[39m:   uncaughtException: require.users is not iterable
TypeError: require.users is not iterable
    at Object.<anonymous> (C:\Users\Mi\Desktop\JS\express-rest-service\src\resources\users\user.db.repository.js:1:48)
    at Module._compile (internal/modules/cjs/loader.js:1158:30)
    at Object.Module._extensions..js (internal/modules/cjs/loader.js:1178:10)
    at Module.load (internal/modules/cjs/loader.js:1002:32)
    at Function.Module._load (internal/modules/cjs/loader.js:901:14)
    at Module.require (internal/modules/cjs/loader.js:1044:19)
    at require (internal/modules/cjs/helpers.js:77:18)
    at Object.<anonymous> (C:\Users\Mi\Desktop\JS\express-rest-service\src\resources\users\user.service.js:1:19)
    at Module._compile (internal/modules/cjs/loader.js:1158:30)
    at Object.Module._extensions..js (internal/modules/cjs/loader.js:1178:10)
    at Module.load (internal/modules/cjs/loader.js:1002:32)
    at Function.Module._load (internal/modules/cjs/loader.js:901:14)
    at Module.require (internal/modules/cjs/loader.js:1044:19)
    at require (internal/modules/cjs/helpers.js:77:18)
    at Object.<anonymous> (C:\Users\Mi\Desktop\JS\express-rest-service\src\resources\users\user.router.js:3:22)
    at Module._compile (internal/modules/cjs/loader.js:1158:30)
[31m[31merror[31m[39m:   uncaughtException: require.users is not iterable
TypeError: require.users is not iterable
    at Object.<anonymous> (C:\Users\Mi\Desktop\JS\express-rest-service\src\resources\users\user.db.repository.js:1:48)
    at Module._compile (internal/modules/cjs/loader.js:1158:30)
    at Object.Module._extensions..js (internal/modules/cjs/loader.js:1178:10)
    at Module.load (internal/modules/cjs/loader.js:1002:32)
    at Function.Module._load (internal/modules/cjs/loader.js:901:14)
    at Module.require (internal/modules/cjs/loader.js:1044:19)
    at require (internal/modules/cjs/helpers.js:77:18)
    at Object.<anonymous> (C:\Users\Mi\Desktop\JS\express-rest-service\src\resources\users\user.service.js:1:19)
    at Module._compile (internal/modules/cjs/loader.js:1158:30)
    at Object.Module._extensions..js (internal/modules/cjs/loader.js:1178:10)
    at Module.load (internal/modules/cjs/loader.js:1002:32)
    at Function.Module._load (internal/modules/cjs/loader.js:901:14)
    at Module.require (internal/modules/cjs/loader.js:1044:19)
    at require (internal/modules/cjs/helpers.js:77:18)
    at Object.<anonymous> (C:\Users\Mi\Desktop\JS\express-rest-service\src\resources\users\user.router.js:3:22)
    at Module._compile (internal/modules/cjs/loader.js:1158:30)
[31m[31merror[31m[39m:   uncaughtException: require.users is not iterable
TypeError: require.users is not iterable
    at Object.<anonymous> (C:\Users\Mi\Desktop\JS\express-rest-service\src\resources\users\user.db.repository.js:2:48)
    at Module._compile (internal/modules/cjs/loader.js:1158:30)
    at Object.Module._extensions..js (internal/modules/cjs/loader.js:1178:10)
    at Module.load (internal/modules/cjs/loader.js:1002:32)
    at Function.Module._load (internal/modules/cjs/loader.js:901:14)
    at Module.require (internal/modules/cjs/loader.js:1044:19)
    at require (internal/modules/cjs/helpers.js:77:18)
    at Object.<anonymous> (C:\Users\Mi\Desktop\JS\express-rest-service\src\resources\users\user.service.js:1:19)
    at Module._compile (internal/modules/cjs/loader.js:1158:30)
    at Object.Module._extensions..js (internal/modules/cjs/loader.js:1178:10)
    at Module.load (internal/modules/cjs/loader.js:1002:32)
    at Function.Module._load (internal/modules/cjs/loader.js:901:14)
    at Module.require (internal/modules/cjs/loader.js:1044:19)
    at require (internal/modules/cjs/helpers.js:77:18)
    at Object.<anonymous> (C:\Users\Mi\Desktop\JS\express-rest-service\src\resources\users\user.router.js:3:22)
    at Module._compile (internal/modules/cjs/loader.js:1158:30)
[31m[31merror[31m[39m:   uncaughtException: require.users is not iterable
TypeError: require.users is not iterable
    at Object.<anonymous> (C:\Users\Mi\Desktop\JS\express-rest-service\src\resources\users\user.db.repository.js:2:48)
    at Module._compile (internal/modules/cjs/loader.js:1158:30)
    at Object.Module._extensions..js (internal/modules/cjs/loader.js:1178:10)
    at Module.load (internal/modules/cjs/loader.js:1002:32)
    at Function.Module._load (internal/modules/cjs/loader.js:901:14)
    at Module.require (internal/modules/cjs/loader.js:1044:19)
    at require (internal/modules/cjs/helpers.js:77:18)
    at Object.<anonymous> (C:\Users\Mi\Desktop\JS\express-rest-service\src\resources\users\user.service.js:1:19)
    at Module._compile (internal/modules/cjs/loader.js:1158:30)
    at Object.Module._extensions..js (internal/modules/cjs/loader.js:1178:10)
    at Module.load (internal/modules/cjs/loader.js:1002:32)
    at Function.Module._load (internal/modules/cjs/loader.js:901:14)
    at Module.require (internal/modules/cjs/loader.js:1044:19)
    at require (internal/modules/cjs/helpers.js:77:18)
    at Object.<anonymous> (C:\Users\Mi\Desktop\JS\express-rest-service\src\resources\users\user.router.js:3:22)
    at Module._compile (internal/modules/cjs/loader.js:1158:30)
[31m[31merror[31m[39m:   uncaughtException: require.users is not iterable
TypeError: require.users is not iterable
    at Object.<anonymous> (C:\Users\Mi\Desktop\JS\express-rest-service\src\resources\users\user.db.repository.js:2:48)
    at Module._compile (internal/modules/cjs/loader.js:1158:30)
    at Object.Module._extensions..js (internal/modules/cjs/loader.js:1178:10)
    at Module.load (internal/modules/cjs/loader.js:1002:32)
    at Function.Module._load (internal/modules/cjs/loader.js:901:14)
    at Module.require (internal/modules/cjs/loader.js:1044:19)
    at require (internal/modules/cjs/helpers.js:77:18)
    at Object.<anonymous> (C:\Users\Mi\Desktop\JS\express-rest-service\src\resources\users\user.service.js:1:19)
    at Module._compile (internal/modules/cjs/loader.js:1158:30)
    at Object.Module._extensions..js (internal/modules/cjs/loader.js:1178:10)
    at Module.load (internal/modules/cjs/loader.js:1002:32)
    at Function.Module._load (internal/modules/cjs/loader.js:901:14)
    at Module.require (internal/modules/cjs/loader.js:1044:19)
    at require (internal/modules/cjs/helpers.js:77:18)
    at Object.<anonymous> (C:\Users\Mi\Desktop\JS\express-rest-service\src\resources\users\user.router.js:3:22)
    at Module._compile (internal/modules/cjs/loader.js:1158:30)
[31m[31merror[31m[39m:   uncaughtException: require.users is not iterable
TypeError: require.users is not iterable
    at Object.<anonymous> (C:\Users\Mi\Desktop\JS\express-rest-service\src\resources\users\user.db.repository.js:2:48)
    at Module._compile (internal/modules/cjs/loader.js:1158:30)
    at Object.Module._extensions..js (internal/modules/cjs/loader.js:1178:10)
    at Module.load (internal/modules/cjs/loader.js:1002:32)
    at Function.Module._load (internal/modules/cjs/loader.js:901:14)
    at Module.require (internal/modules/cjs/loader.js:1044:19)
    at require (internal/modules/cjs/helpers.js:77:18)
    at Object.<anonymous> (C:\Users\Mi\Desktop\JS\express-rest-service\src\resources\users\user.service.js:1:19)
    at Module._compile (internal/modules/cjs/loader.js:1158:30)
    at Object.Module._extensions..js (internal/modules/cjs/loader.js:1178:10)
    at Module.load (internal/modules/cjs/loader.js:1002:32)
    at Function.Module._load (internal/modules/cjs/loader.js:901:14)
    at Module.require (internal/modules/cjs/loader.js:1044:19)
    at require (internal/modules/cjs/helpers.js:77:18)
    at Object.<anonymous> (C:\Users\Mi\Desktop\JS\express-rest-service\src\resources\users\user.router.js:3:22)
    at Module._compile (internal/modules/cjs/loader.js:1158:30)
[31m[31merror[31m[39m:   uncaughtException: require.users is not iterable
TypeError: require.users is not iterable
    at Object.<anonymous> (C:\Users\Mi\Desktop\JS\express-rest-service\src\resources\users\user.db.repository.js:2:48)
    at Module._compile (internal/modules/cjs/loader.js:1158:30)
    at Object.Module._extensions..js (internal/modules/cjs/loader.js:1178:10)
    at Module.load (internal/modules/cjs/loader.js:1002:32)
    at Function.Module._load (internal/modules/cjs/loader.js:901:14)
    at Module.require (internal/modules/cjs/loader.js:1044:19)
    at require (internal/modules/cjs/helpers.js:77:18)
    at Object.<anonymous> (C:\Users\Mi\Desktop\JS\express-rest-service\src\resources\users\user.service.js:1:19)
    at Module._compile (internal/modules/cjs/loader.js:1158:30)
    at Object.Module._extensions..js (internal/modules/cjs/loader.js:1178:10)
    at Module.load (internal/modules/cjs/loader.js:1002:32)
    at Function.Module._load (internal/modules/cjs/loader.js:901:14)
    at Module.require (internal/modules/cjs/loader.js:1044:19)
    at require (internal/modules/cjs/helpers.js:77:18)
    at Object.<anonymous> (C:\Users\Mi\Desktop\JS\express-rest-service\src\resources\users\user.router.js:3:22)
    at Module._compile (internal/modules/cjs/loader.js:1158:30)
[31m[31merror[31m[39m:   uncaughtException: Cannot read property 'forEach' of undefined
TypeError: Cannot read property 'forEach' of undefined
    at NativeConnection.<anonymous> (C:\Users\Mi\Desktop\JS\express-rest-service\src\db\db.client.js:20:17)
    at Object.onceWrapper (events.js:417:28)
    at NativeConnection.emit (events.js:311:20)
    at C:\Users\Mi\Desktop\JS\express-rest-service\node_modules\mongoose\lib\connection.js:819:13
    at C:\Users\Mi\Desktop\JS\express-rest-service\node_modules\mongodb\lib\utils.js:731:5
    at C:\Users\Mi\Desktop\JS\express-rest-service\node_modules\mongodb\lib\mongo_client.js:217:7
    at connectCallback (C:\Users\Mi\Desktop\JS\express-rest-service\node_modules\mongodb\lib\operations\connect.js:350:5)
    at C:\Users\Mi\Desktop\JS\express-rest-service\node_modules\mongodb\lib\operations\connect.js:586:5
    at Object.callback (C:\Users\Mi\Desktop\JS\express-rest-service\node_modules\mongodb\lib\core\sdam\topology.js:297:43)
    at processWaitQueue (C:\Users\Mi\Desktop\JS\express-rest-service\node_modules\mongodb\lib\core\sdam\topology.js:1036:21)
    at NativeTopology.serverUpdateHandler (C:\Users\Mi\Desktop\JS\express-rest-service\node_modules\mongodb\lib\core\sdam\topology.js:554:7)
    at Server.emit (events.js:311:20)
    at Monitor.<anonymous> (C:\Users\Mi\Desktop\JS\express-rest-service\node_modules\mongodb\lib\core\sdam\server.js:147:12)
    at Monitor.emit (events.js:323:22)
    at successHandler (C:\Users\Mi\Desktop\JS\express-rest-service\node_modules\mongodb\lib\core\sdam\monitor.js:154:13)
    at C:\Users\Mi\Desktop\JS\express-rest-service\node_modules\mongodb\lib\core\sdam\monitor.js:196:5
[31m[31merror[31m[39m:   uncaughtException: Cannot read property 'forEach' of undefined
TypeError: Cannot read property 'forEach' of undefined
    at NativeConnection.<anonymous> (C:\Users\Mi\Desktop\JS\express-rest-service\src\db\db.client.js:20:17)
    at Object.onceWrapper (events.js:417:28)
    at NativeConnection.emit (events.js:311:20)
    at C:\Users\Mi\Desktop\JS\express-rest-service\node_modules\mongoose\lib\connection.js:819:13
    at C:\Users\Mi\Desktop\JS\express-rest-service\node_modules\mongodb\lib\utils.js:731:5
    at C:\Users\Mi\Desktop\JS\express-rest-service\node_modules\mongodb\lib\mongo_client.js:217:7
    at connectCallback (C:\Users\Mi\Desktop\JS\express-rest-service\node_modules\mongodb\lib\operations\connect.js:350:5)
    at C:\Users\Mi\Desktop\JS\express-rest-service\node_modules\mongodb\lib\operations\connect.js:586:5
    at Object.callback (C:\Users\Mi\Desktop\JS\express-rest-service\node_modules\mongodb\lib\core\sdam\topology.js:297:43)
    at processWaitQueue (C:\Users\Mi\Desktop\JS\express-rest-service\node_modules\mongodb\lib\core\sdam\topology.js:1036:21)
    at NativeTopology.serverUpdateHandler (C:\Users\Mi\Desktop\JS\express-rest-service\node_modules\mongodb\lib\core\sdam\topology.js:554:7)
    at Server.emit (events.js:311:20)
    at Monitor.<anonymous> (C:\Users\Mi\Desktop\JS\express-rest-service\node_modules\mongodb\lib\core\sdam\server.js:147:12)
    at Monitor.emit (events.js:323:22)
    at successHandler (C:\Users\Mi\Desktop\JS\express-rest-service\node_modules\mongodb\lib\core\sdam\monitor.js:154:13)
    at C:\Users\Mi\Desktop\JS\express-rest-service\node_modules\mongodb\lib\core\sdam\monitor.js:196:5
[31m[31merror[31m[39m:   uncaughtException: Cannot read property 'forEach' of undefined
TypeError: Cannot read property 'forEach' of undefined
    at NativeConnection.<anonymous> (C:\Users\Mi\Desktop\JS\express-rest-service\src\db\db.client.js:22:17)
    at Object.onceWrapper (events.js:417:28)
    at NativeConnection.emit (events.js:311:20)
    at C:\Users\Mi\Desktop\JS\express-rest-service\node_modules\mongoose\lib\connection.js:819:13
    at C:\Users\Mi\Desktop\JS\express-rest-service\node_modules\mongodb\lib\utils.js:731:5
    at C:\Users\Mi\Desktop\JS\express-rest-service\node_modules\mongodb\lib\mongo_client.js:217:7
    at connectCallback (C:\Users\Mi\Desktop\JS\express-rest-service\node_modules\mongodb\lib\operations\connect.js:350:5)
    at C:\Users\Mi\Desktop\JS\express-rest-service\node_modules\mongodb\lib\operations\connect.js:586:5
    at Object.callback (C:\Users\Mi\Desktop\JS\express-rest-service\node_modules\mongodb\lib\core\sdam\topology.js:297:43)
    at processWaitQueue (C:\Users\Mi\Desktop\JS\express-rest-service\node_modules\mongodb\lib\core\sdam\topology.js:1036:21)
    at NativeTopology.serverUpdateHandler (C:\Users\Mi\Desktop\JS\express-rest-service\node_modules\mongodb\lib\core\sdam\topology.js:554:7)
    at Server.emit (events.js:311:20)
    at Monitor.<anonymous> (C:\Users\Mi\Desktop\JS\express-rest-service\node_modules\mongodb\lib\core\sdam\server.js:147:12)
    at Monitor.emit (events.js:323:22)
    at successHandler (C:\Users\Mi\Desktop\JS\express-rest-service\node_modules\mongodb\lib\core\sdam\monitor.js:154:13)
    at C:\Users\Mi\Desktop\JS\express-rest-service\node_modules\mongodb\lib\core\sdam\monitor.js:196:5
[31m[31merror[31m[39m:   uncaughtException: Cannot read property 'forEach' of undefined
TypeError: Cannot read property 'forEach' of undefined
    at NativeConnection.<anonymous> (C:\Users\Mi\Desktop\JS\express-rest-service\src\db\db.client.js:22:17)
    at Object.onceWrapper (events.js:417:28)
    at NativeConnection.emit (events.js:311:20)
    at C:\Users\Mi\Desktop\JS\express-rest-service\node_modules\mongoose\lib\connection.js:819:13
    at C:\Users\Mi\Desktop\JS\express-rest-service\node_modules\mongodb\lib\utils.js:731:5
    at C:\Users\Mi\Desktop\JS\express-rest-service\node_modules\mongodb\lib\mongo_client.js:217:7
    at connectCallback (C:\Users\Mi\Desktop\JS\express-rest-service\node_modules\mongodb\lib\operations\connect.js:350:5)
    at C:\Users\Mi\Desktop\JS\express-rest-service\node_modules\mongodb\lib\operations\connect.js:586:5
    at Object.callback (C:\Users\Mi\Desktop\JS\express-rest-service\node_modules\mongodb\lib\core\sdam\topology.js:297:43)
    at processWaitQueue (C:\Users\Mi\Desktop\JS\express-rest-service\node_modules\mongodb\lib\core\sdam\topology.js:1036:21)
    at NativeTopology.serverUpdateHandler (C:\Users\Mi\Desktop\JS\express-rest-service\node_modules\mongodb\lib\core\sdam\topology.js:554:7)
    at Server.emit (events.js:311:20)
    at Monitor.<anonymous> (C:\Users\Mi\Desktop\JS\express-rest-service\node_modules\mongodb\lib\core\sdam\server.js:147:12)
    at Monitor.emit (events.js:323:22)
    at successHandler (C:\Users\Mi\Desktop\JS\express-rest-service\node_modules\mongodb\lib\core\sdam\monitor.js:154:13)
    at C:\Users\Mi\Desktop\JS\express-rest-service\node_modules\mongodb\lib\core\sdam\monitor.js:196:5
[31m[31merror[31m[39m:   uncaughtException: (no error message)
Error
    at Object.getAll (C:\Users\Mi\Desktop\JS\express-rest-service\src\resources\users\user.db.repository.js:5:9)
    at Object.getAll (C:\Users\Mi\Desktop\JS\express-rest-service\src\resources\users\user.service.js:3:32)
    at C:\Users\Mi\Desktop\JS\express-rest-service\src\resources\users\user.router.js:6:36
    at Layer.handle [as handle_request] (C:\Users\Mi\Desktop\JS\express-rest-service\node_modules\express\lib\router\layer.js:95:5)
    at next (C:\Users\Mi\Desktop\JS\express-rest-service\node_modules\express\lib\router\route.js:137:13)
    at Route.dispatch (C:\Users\Mi\Desktop\JS\express-rest-service\node_modules\express\lib\router\route.js:112:3)
    at Layer.handle [as handle_request] (C:\Users\Mi\Desktop\JS\express-rest-service\node_modules\express\lib\router\layer.js:95:5)
    at C:\Users\Mi\Desktop\JS\express-rest-service\node_modules\express\lib\router\index.js:281:22
    at Function.process_params (C:\Users\Mi\Desktop\JS\express-rest-service\node_modules\express\lib\router\index.js:335:12)
    at next (C:\Users\Mi\Desktop\JS\express-rest-service\node_modules\express\lib\router\index.js:275:10)
    at Function.handle (C:\Users\Mi\Desktop\JS\express-rest-service\node_modules\express\lib\router\index.js:174:3)
    at router (C:\Users\Mi\Desktop\JS\express-rest-service\node_modules\express\lib\router\index.js:47:12)
    at Layer.handle [as handle_request] (C:\Users\Mi\Desktop\JS\express-rest-service\node_modules\express\lib\router\layer.js:95:5)
    at trim_prefix (C:\Users\Mi\Desktop\JS\express-rest-service\node_modules\express\lib\router\index.js:317:13)
    at C:\Users\Mi\Desktop\JS\express-rest-service\node_modules\express\lib\router\index.js:284:7
    at Function.process_params (C:\Users\Mi\Desktop\JS\express-rest-service\node_modules\express\lib\router\index.js:335:12)
[31m[31merror[31m[39m:   uncaughtException: (no error message)
Error
    at Object.getAll (C:\Users\Mi\Desktop\JS\express-rest-service\src\resources\users\user.db.repository.js:6:9)
    at Object.getAll (C:\Users\Mi\Desktop\JS\express-rest-service\src\resources\users\user.service.js:3:32)
    at C:\Users\Mi\Desktop\JS\express-rest-service\src\resources\users\user.router.js:6:36
    at Layer.handle [as handle_request] (C:\Users\Mi\Desktop\JS\express-rest-service\node_modules\express\lib\router\layer.js:95:5)
    at next (C:\Users\Mi\Desktop\JS\express-rest-service\node_modules\express\lib\router\route.js:137:13)
    at Route.dispatch (C:\Users\Mi\Desktop\JS\express-rest-service\node_modules\express\lib\router\route.js:112:3)
    at Layer.handle [as handle_request] (C:\Users\Mi\Desktop\JS\express-rest-service\node_modules\express\lib\router\layer.js:95:5)
    at C:\Users\Mi\Desktop\JS\express-rest-service\node_modules\express\lib\router\index.js:281:22
    at Function.process_params (C:\Users\Mi\Desktop\JS\express-rest-service\node_modules\express\lib\router\index.js:335:12)
    at next (C:\Users\Mi\Desktop\JS\express-rest-service\node_modules\express\lib\router\index.js:275:10)
    at Function.handle (C:\Users\Mi\Desktop\JS\express-rest-service\node_modules\express\lib\router\index.js:174:3)
    at router (C:\Users\Mi\Desktop\JS\express-rest-service\node_modules\express\lib\router\index.js:47:12)
    at Layer.handle [as handle_request] (C:\Users\Mi\Desktop\JS\express-rest-service\node_modules\express\lib\router\layer.js:95:5)
    at trim_prefix (C:\Users\Mi\Desktop\JS\express-rest-service\node_modules\express\lib\router\index.js:317:13)
    at C:\Users\Mi\Desktop\JS\express-rest-service\node_modules\express\lib\router\index.js:284:7
    at Function.process_params (C:\Users\Mi\Desktop\JS\express-rest-service\node_modules\express\lib\router\index.js:335:12)
[31m[31merror[31m[39m:   uncaughtException: (no error message)
Error
    at Object.getAll (C:\Users\Mi\Desktop\JS\express-rest-service\src\resources\users\user.db.repository.js:6:9)
    at Object.getAll (C:\Users\Mi\Desktop\JS\express-rest-service\src\resources\users\user.service.js:3:32)
    at C:\Users\Mi\Desktop\JS\express-rest-service\src\resources\users\user.router.js:6:36
    at Layer.handle [as handle_request] (C:\Users\Mi\Desktop\JS\express-rest-service\node_modules\express\lib\router\layer.js:95:5)
    at next (C:\Users\Mi\Desktop\JS\express-rest-service\node_modules\express\lib\router\route.js:137:13)
    at Route.dispatch (C:\Users\Mi\Desktop\JS\express-rest-service\node_modules\express\lib\router\route.js:112:3)
    at Layer.handle [as handle_request] (C:\Users\Mi\Desktop\JS\express-rest-service\node_modules\express\lib\router\layer.js:95:5)
    at C:\Users\Mi\Desktop\JS\express-rest-service\node_modules\express\lib\router\index.js:281:22
    at Function.process_params (C:\Users\Mi\Desktop\JS\express-rest-service\node_modules\express\lib\router\index.js:335:12)
    at next (C:\Users\Mi\Desktop\JS\express-rest-service\node_modules\express\lib\router\index.js:275:10)
    at Function.handle (C:\Users\Mi\Desktop\JS\express-rest-service\node_modules\express\lib\router\index.js:174:3)
    at router (C:\Users\Mi\Desktop\JS\express-rest-service\node_modules\express\lib\router\index.js:47:12)
    at Layer.handle [as handle_request] (C:\Users\Mi\Desktop\JS\express-rest-service\node_modules\express\lib\router\layer.js:95:5)
    at trim_prefix (C:\Users\Mi\Desktop\JS\express-rest-service\node_modules\express\lib\router\index.js:317:13)
    at C:\Users\Mi\Desktop\JS\express-rest-service\node_modules\express\lib\router\index.js:284:7
    at Function.process_params (C:\Users\Mi\Desktop\JS\express-rest-service\node_modules\express\lib\router\index.js:335:12)
[31m[31merror[31m[39m:   uncaughtException: Cannot create collection test.users - database is in the process of being dropped.
MongoError: Cannot create collection test.users - database is in the process of being dropped.
    at Function.create (C:\Users\Mi\Desktop\JS\express-rest-service\node_modules\mongodb\lib\core\error.js:43:12)
    at toError (C:\Users\Mi\Desktop\JS\express-rest-service\node_modules\mongodb\lib\utils.js:149:22)
    at C:\Users\Mi\Desktop\JS\express-rest-service\node_modules\mongodb\lib\operations\common_functions.js:265:39
    at handler (C:\Users\Mi\Desktop\JS\express-rest-service\node_modules\mongodb\lib\core\sdam\topology.js:913:24)
    at C:\Users\Mi\Desktop\JS\express-rest-service\node_modules\mongodb\lib\cmap\connection_pool.js:352:13
    at handleOperationResult (C:\Users\Mi\Desktop\JS\express-rest-service\node_modules\mongodb\lib\core\sdam\server.js:487:5)
    at MessageStream.messageHandler (C:\Users\Mi\Desktop\JS\express-rest-service\node_modules\mongodb\lib\cmap\connection.js:270:5)
    at MessageStream.emit (events.js:311:20)
    at processIncomingData (C:\Users\Mi\Desktop\JS\express-rest-service\node_modules\mongodb\lib\cmap\message_stream.js:144:12)
    at MessageStream._write (C:\Users\Mi\Desktop\JS\express-rest-service\node_modules\mongodb\lib\cmap\message_stream.js:42:5)
    at doWrite (_stream_writable.js:441:12)
    at writeOrBuffer (_stream_writable.js:425:5)
    at MessageStream.Writable.write (_stream_writable.js:316:11)
    at TLSSocket.ondata (_stream_readable.js:714:22)
    at TLSSocket.emit (events.js:311:20)
    at addChunk (_stream_readable.js:294:12)
[31m[31merror[31m[39m:   uncaughtException: (no error message)
Error
    at Object.getAll (C:\Users\Mi\Desktop\JS\express-rest-service\src\resources\users\user.db.repository.js:5:9)
    at Object.getAll (C:\Users\Mi\Desktop\JS\express-rest-service\src\resources\users\user.service.js:3:32)
    at C:\Users\Mi\Desktop\JS\express-rest-service\src\resources\users\user.router.js:6:36
    at Layer.handle [as handle_request] (C:\Users\Mi\Desktop\JS\express-rest-service\node_modules\express\lib\router\layer.js:95:5)
    at next (C:\Users\Mi\Desktop\JS\express-rest-service\node_modules\express\lib\router\route.js:137:13)
    at Route.dispatch (C:\Users\Mi\Desktop\JS\express-rest-service\node_modules\express\lib\router\route.js:112:3)
    at Layer.handle [as handle_request] (C:\Users\Mi\Desktop\JS\express-rest-service\node_modules\express\lib\router\layer.js:95:5)
    at C:\Users\Mi\Desktop\JS\express-rest-service\node_modules\express\lib\router\index.js:281:22
    at Function.process_params (C:\Users\Mi\Desktop\JS\express-rest-service\node_modules\express\lib\router\index.js:335:12)
    at next (C:\Users\Mi\Desktop\JS\express-rest-service\node_modules\express\lib\router\index.js:275:10)
    at Function.handle (C:\Users\Mi\Desktop\JS\express-rest-service\node_modules\express\lib\router\index.js:174:3)
    at router (C:\Users\Mi\Desktop\JS\express-rest-service\node_modules\express\lib\router\index.js:47:12)
    at Layer.handle [as handle_request] (C:\Users\Mi\Desktop\JS\express-rest-service\node_modules\express\lib\router\layer.js:95:5)
    at trim_prefix (C:\Users\Mi\Desktop\JS\express-rest-service\node_modules\express\lib\router\index.js:317:13)
    at C:\Users\Mi\Desktop\JS\express-rest-service\node_modules\express\lib\router\index.js:284:7
    at Function.process_params (C:\Users\Mi\Desktop\JS\express-rest-service\node_modules\express\lib\router\index.js:335:12)
[31m[31merror[31m[39m:   uncaughtException: (no error message)
Error
    at Object.getAll (C:\Users\Mi\Desktop\JS\express-rest-service\src\resources\users\user.db.repository.js:5:9)
    at Object.getAll (C:\Users\Mi\Desktop\JS\express-rest-service\src\resources\users\user.service.js:3:32)
    at C:\Users\Mi\Desktop\JS\express-rest-service\src\resources\users\user.router.js:6:36
    at Layer.handle [as handle_request] (C:\Users\Mi\Desktop\JS\express-rest-service\node_modules\express\lib\router\layer.js:95:5)
    at next (C:\Users\Mi\Desktop\JS\express-rest-service\node_modules\express\lib\router\route.js:137:13)
    at Route.dispatch (C:\Users\Mi\Desktop\JS\express-rest-service\node_modules\express\lib\router\route.js:112:3)
    at Layer.handle [as handle_request] (C:\Users\Mi\Desktop\JS\express-rest-service\node_modules\express\lib\router\layer.js:95:5)
    at C:\Users\Mi\Desktop\JS\express-rest-service\node_modules\express\lib\router\index.js:281:22
    at Function.process_params (C:\Users\Mi\Desktop\JS\express-rest-service\node_modules\express\lib\router\index.js:335:12)
    at next (C:\Users\Mi\Desktop\JS\express-rest-service\node_modules\express\lib\router\index.js:275:10)
    at Function.handle (C:\Users\Mi\Desktop\JS\express-rest-service\node_modules\express\lib\router\index.js:174:3)
    at router (C:\Users\Mi\Desktop\JS\express-rest-service\node_modules\express\lib\router\index.js:47:12)
    at Layer.handle [as handle_request] (C:\Users\Mi\Desktop\JS\express-rest-service\node_modules\express\lib\router\layer.js:95:5)
    at trim_prefix (C:\Users\Mi\Desktop\JS\express-rest-service\node_modules\express\lib\router\index.js:317:13)
    at C:\Users\Mi\Desktop\JS\express-rest-service\node_modules\express\lib\router\index.js:284:7
    at Function.process_params (C:\Users\Mi\Desktop\JS\express-rest-service\node_modules\express\lib\router\index.js:335:12)
[31m[31merror[31m[39m:   uncaughtException: (no error message)
Error
    at Object.getAll (C:\Users\Mi\Desktop\JS\express-rest-service\src\resources\users\user.db.repository.js:5:9)
    at Object.getAll (C:\Users\Mi\Desktop\JS\express-rest-service\src\resources\users\user.service.js:3:32)
    at C:\Users\Mi\Desktop\JS\express-rest-service\src\resources\users\user.router.js:6:36
    at Layer.handle [as handle_request] (C:\Users\Mi\Desktop\JS\express-rest-service\node_modules\express\lib\router\layer.js:95:5)
    at next (C:\Users\Mi\Desktop\JS\express-rest-service\node_modules\express\lib\router\route.js:137:13)
    at Route.dispatch (C:\Users\Mi\Desktop\JS\express-rest-service\node_modules\express\lib\router\route.js:112:3)
    at Layer.handle [as handle_request] (C:\Users\Mi\Desktop\JS\express-rest-service\node_modules\express\lib\router\layer.js:95:5)
    at C:\Users\Mi\Desktop\JS\express-rest-service\node_modules\express\lib\router\index.js:281:22
    at Function.process_params (C:\Users\Mi\Desktop\JS\express-rest-service\node_modules\express\lib\router\index.js:335:12)
    at next (C:\Users\Mi\Desktop\JS\express-rest-service\node_modules\express\lib\router\index.js:275:10)
    at Function.handle (C:\Users\Mi\Desktop\JS\express-rest-service\node_modules\express\lib\router\index.js:174:3)
    at router (C:\Users\Mi\Desktop\JS\express-rest-service\node_modules\express\lib\router\index.js:47:12)
    at Layer.handle [as handle_request] (C:\Users\Mi\Desktop\JS\express-rest-service\node_modules\express\lib\router\layer.js:95:5)
    at trim_prefix (C:\Users\Mi\Desktop\JS\express-rest-service\node_modules\express\lib\router\index.js:317:13)
    at C:\Users\Mi\Desktop\JS\express-rest-service\node_modules\express\lib\router\index.js:284:7
    at Function.process_params (C:\Users\Mi\Desktop\JS\express-rest-service\node_modules\express\lib\router\index.js:335:12)
[31m[31merror[31m[39m:   uncaughtException: (no error message)
Error
    at Object.getAll (C:\Users\Mi\Desktop\JS\express-rest-service\src\resources\users\user.db.repository.js:5:9)
    at Object.getAll (C:\Users\Mi\Desktop\JS\express-rest-service\src\resources\users\user.service.js:3:32)
    at C:\Users\Mi\Desktop\JS\express-rest-service\src\resources\users\user.router.js:6:36
    at Layer.handle [as handle_request] (C:\Users\Mi\Desktop\JS\express-rest-service\node_modules\express\lib\router\layer.js:95:5)
    at next (C:\Users\Mi\Desktop\JS\express-rest-service\node_modules\express\lib\router\route.js:137:13)
    at Route.dispatch (C:\Users\Mi\Desktop\JS\express-rest-service\node_modules\express\lib\router\route.js:112:3)
    at Layer.handle [as handle_request] (C:\Users\Mi\Desktop\JS\express-rest-service\node_modules\express\lib\router\layer.js:95:5)
    at C:\Users\Mi\Desktop\JS\express-rest-service\node_modules\express\lib\router\index.js:281:22
    at Function.process_params (C:\Users\Mi\Desktop\JS\express-rest-service\node_modules\express\lib\router\index.js:335:12)
    at next (C:\Users\Mi\Desktop\JS\express-rest-service\node_modules\express\lib\router\index.js:275:10)
    at Function.handle (C:\Users\Mi\Desktop\JS\express-rest-service\node_modules\express\lib\router\index.js:174:3)
    at router (C:\Users\Mi\Desktop\JS\express-rest-service\node_modules\express\lib\router\index.js:47:12)
    at Layer.handle [as handle_request] (C:\Users\Mi\Desktop\JS\express-rest-service\node_modules\express\lib\router\layer.js:95:5)
    at trim_prefix (C:\Users\Mi\Desktop\JS\express-rest-service\node_modules\express\lib\router\index.js:317:13)
    at C:\Users\Mi\Desktop\JS\express-rest-service\node_modules\express\lib\router\index.js:284:7
    at Function.process_params (C:\Users\Mi\Desktop\JS\express-rest-service\node_modules\express\lib\router\index.js:335:12)
[31m[31merror[31m[39m:   uncaughtException: (no error message)
Error
    at Object.getAll (C:\Users\Mi\Desktop\JS\express-rest-service\src\resources\users\user.db.repository.js:5:9)
    at Object.getAll (C:\Users\Mi\Desktop\JS\express-rest-service\src\resources\users\user.service.js:3:32)
    at C:\Users\Mi\Desktop\JS\express-rest-service\src\resources\users\user.router.js:6:36
    at Layer.handle [as handle_request] (C:\Users\Mi\Desktop\JS\express-rest-service\node_modules\express\lib\router\layer.js:95:5)
    at next (C:\Users\Mi\Desktop\JS\express-rest-service\node_modules\express\lib\router\route.js:137:13)
    at Route.dispatch (C:\Users\Mi\Desktop\JS\express-rest-service\node_modules\express\lib\router\route.js:112:3)
    at Layer.handle [as handle_request] (C:\Users\Mi\Desktop\JS\express-rest-service\node_modules\express\lib\router\layer.js:95:5)
    at C:\Users\Mi\Desktop\JS\express-rest-service\node_modules\express\lib\router\index.js:281:22
    at Function.process_params (C:\Users\Mi\Desktop\JS\express-rest-service\node_modules\express\lib\router\index.js:335:12)
    at next (C:\Users\Mi\Desktop\JS\express-rest-service\node_modules\express\lib\router\index.js:275:10)
    at Function.handle (C:\Users\Mi\Desktop\JS\express-rest-service\node_modules\express\lib\router\index.js:174:3)
    at router (C:\Users\Mi\Desktop\JS\express-rest-service\node_modules\express\lib\router\index.js:47:12)
    at Layer.handle [as handle_request] (C:\Users\Mi\Desktop\JS\express-rest-service\node_modules\express\lib\router\layer.js:95:5)
    at trim_prefix (C:\Users\Mi\Desktop\JS\express-rest-service\node_modules\express\lib\router\index.js:317:13)
    at C:\Users\Mi\Desktop\JS\express-rest-service\node_modules\express\lib\router\index.js:284:7
    at Function.process_params (C:\Users\Mi\Desktop\JS\express-rest-service\node_modules\express\lib\router\index.js:335:12)
[31m[31merror[31m[39m:   uncaughtException: Cannot create collection test.users - database is in the process of being dropped.
MongoError: Cannot create collection test.users - database is in the process of being dropped.
    at Function.create (C:\Users\Mi\Desktop\JS\express-rest-service\node_modules\mongodb\lib\core\error.js:43:12)
    at toError (C:\Users\Mi\Desktop\JS\express-rest-service\node_modules\mongodb\lib\utils.js:149:22)
    at C:\Users\Mi\Desktop\JS\express-rest-service\node_modules\mongodb\lib\operations\common_functions.js:265:39
    at handler (C:\Users\Mi\Desktop\JS\express-rest-service\node_modules\mongodb\lib\core\sdam\topology.js:913:24)
    at C:\Users\Mi\Desktop\JS\express-rest-service\node_modules\mongodb\lib\cmap\connection_pool.js:352:13
    at handleOperationResult (C:\Users\Mi\Desktop\JS\express-rest-service\node_modules\mongodb\lib\core\sdam\server.js:487:5)
    at MessageStream.messageHandler (C:\Users\Mi\Desktop\JS\express-rest-service\node_modules\mongodb\lib\cmap\connection.js:270:5)
    at MessageStream.emit (events.js:311:20)
    at processIncomingData (C:\Users\Mi\Desktop\JS\express-rest-service\node_modules\mongodb\lib\cmap\message_stream.js:144:12)
    at MessageStream._write (C:\Users\Mi\Desktop\JS\express-rest-service\node_modules\mongodb\lib\cmap\message_stream.js:42:5)
    at doWrite (_stream_writable.js:441:12)
    at writeOrBuffer (_stream_writable.js:425:5)
    at MessageStream.Writable.write (_stream_writable.js:316:11)
    at TLSSocket.ondata (_stream_readable.js:714:22)
    at TLSSocket.emit (events.js:311:20)
    at addChunk (_stream_readable.js:294:12)
[31m[31merror[31m[39m:   uncaughtException: Cannot create collection test.users - database is in the process of being dropped.
MongoError: Cannot create collection test.users - database is in the process of being dropped.
    at Function.create (C:\Users\Mi\Desktop\JS\express-rest-service\node_modules\mongodb\lib\core\error.js:43:12)
    at toError (C:\Users\Mi\Desktop\JS\express-rest-service\node_modules\mongodb\lib\utils.js:149:22)
    at C:\Users\Mi\Desktop\JS\express-rest-service\node_modules\mongodb\lib\operations\common_functions.js:265:39
    at handler (C:\Users\Mi\Desktop\JS\express-rest-service\node_modules\mongodb\lib\core\sdam\topology.js:913:24)
    at C:\Users\Mi\Desktop\JS\express-rest-service\node_modules\mongodb\lib\cmap\connection_pool.js:352:13
    at handleOperationResult (C:\Users\Mi\Desktop\JS\express-rest-service\node_modules\mongodb\lib\core\sdam\server.js:487:5)
    at MessageStream.messageHandler (C:\Users\Mi\Desktop\JS\express-rest-service\node_modules\mongodb\lib\cmap\connection.js:270:5)
    at MessageStream.emit (events.js:311:20)
    at processIncomingData (C:\Users\Mi\Desktop\JS\express-rest-service\node_modules\mongodb\lib\cmap\message_stream.js:144:12)
    at MessageStream._write (C:\Users\Mi\Desktop\JS\express-rest-service\node_modules\mongodb\lib\cmap\message_stream.js:42:5)
    at doWrite (_stream_writable.js:441:12)
    at writeOrBuffer (_stream_writable.js:425:5)
    at MessageStream.Writable.write (_stream_writable.js:316:11)
    at TLSSocket.ondata (_stream_readable.js:714:22)
    at TLSSocket.emit (events.js:311:20)
    at addChunk (_stream_readable.js:294:12)
[31m[31merror[31m[39m:   uncaughtException: getById is not defined
ReferenceError: getById is not defined
    at Object.<anonymous> (C:\Users\Mi\Desktop\JS\express-rest-service\src\resources\users\user.service.js:7:28)
    at Module._compile (internal/modules/cjs/loader.js:1158:30)
    at Object.Module._extensions..js (internal/modules/cjs/loader.js:1178:10)
    at Module.load (internal/modules/cjs/loader.js:1002:32)
    at Function.Module._load (internal/modules/cjs/loader.js:901:14)
    at Module.require (internal/modules/cjs/loader.js:1044:19)
    at require (internal/modules/cjs/helpers.js:77:18)
    at Object.<anonymous> (C:\Users\Mi\Desktop\JS\express-rest-service\src\resources\users\user.router.js:3:22)
    at Module._compile (internal/modules/cjs/loader.js:1158:30)
    at Object.Module._extensions..js (internal/modules/cjs/loader.js:1178:10)
    at Module.load (internal/modules/cjs/loader.js:1002:32)
    at Function.Module._load (internal/modules/cjs/loader.js:901:14)
    at Module.require (internal/modules/cjs/loader.js:1044:19)
    at require (internal/modules/cjs/helpers.js:77:18)
    at Object.<anonymous> (C:\Users\Mi\Desktop\JS\express-rest-service\src\app.js:12:20)
    at Module._compile (internal/modules/cjs/loader.js:1158:30)
[31m[31merror[31m[39m:   uncaughtException: getById is not defined
ReferenceError: getById is not defined
    at Object.<anonymous> (C:\Users\Mi\Desktop\JS\express-rest-service\src\resources\users\user.service.js:11:28)
    at Module._compile (internal/modules/cjs/loader.js:1158:30)
    at Object.Module._extensions..js (internal/modules/cjs/loader.js:1178:10)
    at Module.load (internal/modules/cjs/loader.js:1002:32)
    at Function.Module._load (internal/modules/cjs/loader.js:901:14)
    at Module.require (internal/modules/cjs/loader.js:1044:19)
    at require (internal/modules/cjs/helpers.js:77:18)
    at Object.<anonymous> (C:\Users\Mi\Desktop\JS\express-rest-service\src\resources\users\user.router.js:3:22)
    at Module._compile (internal/modules/cjs/loader.js:1158:30)
    at Object.Module._extensions..js (internal/modules/cjs/loader.js:1178:10)
    at Module.load (internal/modules/cjs/loader.js:1002:32)
    at Function.Module._load (internal/modules/cjs/loader.js:901:14)
    at Module.require (internal/modules/cjs/loader.js:1044:19)
    at require (internal/modules/cjs/helpers.js:77:18)
    at Object.<anonymous> (C:\Users\Mi\Desktop\JS\express-rest-service\src\app.js:12:20)
    at Module._compile (internal/modules/cjs/loader.js:1158:30)
[31m[31merror[31m[39m:   uncaughtException: Cannot create collection test.users - database is in the process of being dropped.
MongoError: Cannot create collection test.users - database is in the process of being dropped.
    at Function.create (C:\Users\Mi\Desktop\JS\express-rest-service\node_modules\mongodb\lib\core\error.js:43:12)
    at toError (C:\Users\Mi\Desktop\JS\express-rest-service\node_modules\mongodb\lib\utils.js:149:22)
    at C:\Users\Mi\Desktop\JS\express-rest-service\node_modules\mongodb\lib\operations\common_functions.js:265:39
    at handler (C:\Users\Mi\Desktop\JS\express-rest-service\node_modules\mongodb\lib\core\sdam\topology.js:913:24)
    at C:\Users\Mi\Desktop\JS\express-rest-service\node_modules\mongodb\lib\cmap\connection_pool.js:352:13
    at handleOperationResult (C:\Users\Mi\Desktop\JS\express-rest-service\node_modules\mongodb\lib\core\sdam\server.js:487:5)
    at MessageStream.messageHandler (C:\Users\Mi\Desktop\JS\express-rest-service\node_modules\mongodb\lib\cmap\connection.js:270:5)
    at MessageStream.emit (events.js:311:20)
    at processIncomingData (C:\Users\Mi\Desktop\JS\express-rest-service\node_modules\mongodb\lib\cmap\message_stream.js:144:12)
    at MessageStream._write (C:\Users\Mi\Desktop\JS\express-rest-service\node_modules\mongodb\lib\cmap\message_stream.js:42:5)
    at doWrite (_stream_writable.js:441:12)
    at writeOrBuffer (_stream_writable.js:425:5)
    at MessageStream.Writable.write (_stream_writable.js:316:11)
    at TLSSocket.ondata (_stream_readable.js:714:22)
    at TLSSocket.emit (events.js:311:20)
    at addChunk (_stream_readable.js:294:12)
